[!] Impossible de contacter le serveur - Not 200
########### FIN ############ 
########### Rapport du 18/06/2021 18:24:02 ###########
# USB
UUID = D82E-39A1
# Info
Fichiers = 5
Erreurs = 0
Temps = 3
Virus = 0
VirusTotal = 0
Extensions = 0
Yara match = 0
########### Rapport du 18/06/2021 18:32:55 ###########
# USB
[!] Impossible de contacter le serveur - Not 200
########### FIN ############ 
########### Rapport du 18/06/2021 18:44:28 ###########
# USB
UUID = D82E-39A1
# Info
Fichiers = 4
Erreurs = 0
Temps = 3
Virus = 0
VirusTotal = 0
Extensions = 0
Yara match = 1
[YR] /media/pi/WINDOWS/test.txt
 Pr00filer aad225e2816c7ee4931150f01610001121cca1b92b619cd6c237910ecc43d5ac
[!] Impossible de contacter le serveur - Not 200
########### FIN ############ 
########### Rapport du 18/06/2021 18:45:40 ###########
# USB
UUID = D82E-39A1
# Info
Fichiers = 4
Erreurs = 0
Temps = 3
Virus = 0
VirusTotal = 0
Extensions = 0
Yara match = 1
[YR] /media/pi/WINDOWS/test.txt Pr00filer aad225e2816c7ee4931150f01610001121cca1b92b619cd6c237910ecc43d5ac
[!] Impossible de contacter le serveur - Not 200
########### FIN ############ 
########### Rapport du 18/06/2021 18:48:37 ###########
# USB
UUID = D82E-39A1
# Info
Fichiers = 5
Erreurs = 0
Temps = 3
Virus = 1
VirusTotal = 0
Extensions = 0
Yara match = 1
[YR] /media/pi/WINDOWS/test.txt Pr00filer aad225e2816c7ee4931150f01610001121cca1b92b619cd6c237910ecc43d5ac
[!] Impossible de contacter le serveur - Not 200
########### FIN ############ 
########### Rapport du 18/06/2021 18:49:04 ###########
# USB
UUID = D82E-39A1
# Info
Fichiers = 4
Erreurs = 0
Temps = 3
Virus = 0
VirusTotal = 0
Extensions = 0
Yara match = 0
